# JRE version: Java(TM) SE Runtime Environment (8.0_271-b09) (build 1.8.0_271-b09)
# Java VM: Java HotSpot(TM) 64-Bit Server VM (25.271-b09 mixed mode linux-amd64 compressed oops)
Heap:
 PSYoungGen      total 414208K, used 389497K [0x00000000d6f80000, 0x00000000f0f00000, 0x0000000100000000)
  eden space 404480K, 96% used [0x00000000d6f80000,0x00000000eebbe7d8,0x00000000efa80000)
  from space 9728K, 1% used [0x00000000f0480000,0x00000000f04a0000,0x00000000f0e00000)
  to   space 10240K, 0% used [0x00000000efa80000,0x00000000efa80000,0x00000000f0480000)
 ParOldGen       total 52224K, used 16039K [0x0000000084e00000, 0x0000000088100000, 0x00000000d6f80000)
  object space 52224K, 30% used [0x0000000084e00000,0x0000000085da9ea8,0x0000000088100000)
 Metaspace       used 22755K, capacity 24062K, committed 24192K, reserved 1071104K
  class space    used 3143K, capacity 3420K, committed 3456K, reserved 1048576K
GC Heap History (10 events):
Event: 73,089 GC heap before
{Heap before GC invocations=7 (full 0):
 PSYoungGen      total 134656K, used 93723K [0x00000000d6f80000, 0x00000000dfa80000, 0x0000000100000000)
  eden space 126976K, 69% used [0x00000000d6f80000,0x00000000dc60af68,0x00000000deb80000)
  from space 7680K, 66% used [0x00000000df300000,0x00000000df7fc080,0x00000000dfa80000)
  to   space 7680K, 0% used [0x00000000deb80000,0x00000000deb80000,0x00000000df300000)
 ParOldGen       total 84992K, used 3113K [0x0000000084e00000, 0x000000008a100000, 0x00000000d6f80000)
  object space 84992K, 3% used [0x0000000084e00000,0x000000008510a400,0x000000008a100000)
 Metaspace       used 20404K, capacity 21200K, committed 21296K, reserved 1067008K
  class space    used 2829K, capacity 3013K, committed 3072K, reserved 1048576K
Event: 73,100 GC heap after
Heap after GC invocations=7 (full 0):
 PSYoungGen      total 134656K, used 7675K [0x00000000d6f80000, 0x00000000e7880000, 0x0000000100000000)
  eden space 126976K, 0% used [0x00000000d6f80000,0x00000000d6f80000,0x00000000deb80000)
  from space 7680K, 99% used [0x00000000deb80000,0x00000000df2fedd0,0x00000000df300000)
  to   space 8704K, 0% used [0x00000000e7000000,0x00000000e7000000,0x00000000e7880000)
 ParOldGen       total 84992K, used 8132K [0x0000000084e00000, 0x000000008a100000, 0x00000000d6f80000)
  object space 84992K, 9% used [0x0000000084e00000,0x00000000855f10e0,0x000000008a100000)
 Metaspace       used 20404K, capacity 21200K, committed 21296K, reserved 1067008K
  class space    used 2829K, capacity 3013K, committed 3072K, reserved 1048576K
}
Event: 73,100 GC heap before
{Heap before GC invocations=8 (full 1):
 PSYoungGen      total 134656K, used 7675K [0x00000000d6f80000, 0x00000000e7880000, 0x0000000100000000)
  eden space 126976K, 0% used [0x00000000d6f80000,0x00000000d6f80000,0x00000000deb80000)
  from space 7680K, 99% used [0x00000000deb80000,0x00000000df2fedd0,0x00000000df300000)
  to   space 8704K, 0% used [0x00000000e7000000,0x00000000e7000000,0x00000000e7880000)
 ParOldGen       total 84992K, used 8132K [0x0000000084e00000, 0x000000008a100000, 0x00000000d6f80000)
  object space 84992K, 9% used [0x0000000084e00000,0x00000000855f10e0,0x000000008a100000)
 Metaspace       used 20404K, capacity 21200K, committed 21296K, reserved 1067008K
  class space    used 2829K, capacity 3013K, committed 3072K, reserved 1048576K
Event: 73,169 GC heap after
Heap after GC invocations=8 (full 1):
 PSYoungGen      total 134656K, used 0K [0x00000000d6f80000, 0x00000000e7880000, 0x0000000100000000)
  eden space 126976K, 0% used [0x00000000d6f80000,0x00000000d6f80000,0x00000000deb80000)
  from space 7680K, 0% used [0x00000000deb80000,0x00000000deb80000,0x00000000df300000)
  to   space 8704K, 0% used [0x00000000e7000000,0x00000000e7000000,0x00000000e7880000)
 ParOldGen       total 52224K, used 15367K [0x0000000084e00000, 0x0000000088100000, 0x00000000d6f80000)
  object space 52224K, 29% used [0x0000000084e00000,0x0000000085d01ea8,0x0000000088100000)
 Metaspace       used 20404K, capacity 21200K, committed 21296K, reserved 1067008K
  class space    used 2829K, capacity 3013K, committed 3072K, reserved 1048576K
}
Event: 73,387 GC heap before
{Heap before GC invocations=9 (full 1):
 PSYoungGen      total 134656K, used 126976K [0x00000000d6f80000, 0x00000000e7880000, 0x0000000100000000)
  eden space 126976K, 100% used [0x00000000d6f80000,0x00000000deb80000,0x00000000deb80000)
  from space 7680K, 0% used [0x00000000deb80000,0x00000000deb80000,0x00000000df300000)
  to   space 8704K, 0% used [0x00000000e7000000,0x00000000e7000000,0x00000000e7880000)
 ParOldGen       total 52224K, used 15367K [0x0000000084e00000, 0x0000000088100000, 0x00000000d6f80000)
  object space 52224K, 29% used [0x0000000084e00000,0x0000000085d01ea8,0x0000000088100000)
 Metaspace       used 21037K, capacity 22096K, committed 22144K, reserved 1069056K
  class space    used 2967K, capacity 3173K, committed 3200K, reserved 1048576K
Event: 73,391 GC heap after
Heap after GC invocations=9 (full 1):
 PSYoungGen      total 262144K, used 704K [0x00000000d6f80000, 0x00000000e7900000, 0x0000000100000000)
  eden space 253440K, 0% used [0x00000000d6f80000,0x00000000d6f80000,0x00000000e6700000)
  from space 8704K, 8% used [0x00000000e7000000,0x00000000e70b0000,0x00000000e7880000)
  to   space 9216K, 0% used [0x00000000e6700000,0x00000000e6700000,0x00000000e7000000)
 ParOldGen       total 52224K, used 15367K [0x0000000084e00000, 0x0000000088100000, 0x00000000d6f80000)
  object space 52224K, 29% used [0x0000000084e00000,0x0000000085d01ea8,0x0000000088100000)
 Metaspace       used 21037K, capacity 22096K, committed 22144K, reserved 1069056K
  class space    used 2967K, capacity 3173K, committed 3200K, reserved 1048576K
}
Event: 73,402 GC heap before
{Heap before GC invocations=10 (full 1):
 PSYoungGen      total 262144K, used 254144K [0x00000000d6f80000, 0x00000000e7900000, 0x0000000100000000)
  eden space 253440K, 100% used [0x00000000d6f80000,0x00000000e6700000,0x00000000e6700000)
  from space 8704K, 8% used [0x00000000e7000000,0x00000000e70b0000,0x00000000e7880000)
  to   space 9216K, 0% used [0x00000000e6700000,0x00000000e6700000,0x00000000e7000000)
 ParOldGen       total 52224K, used 15367K [0x0000000084e00000, 0x0000000088100000, 0x00000000d6f80000)
  object space 52224K, 29% used [0x0000000084e00000,0x0000000085d01ea8,0x0000000088100000)
 Metaspace       used 21052K, capacity 22096K, committed 22144K, reserved 1069056K
  class space    used 2969K, capacity 3173K, committed 3200K, reserved 1048576K
Event: 73,407 GC heap after
Heap after GC invocations=10 (full 1):
 PSYoungGen      total 262656K, used 768K [0x00000000d6f80000, 0x00000000f0e00000, 0x0000000100000000)
  eden space 253440K, 0% used [0x00000000d6f80000,0x00000000d6f80000,0x00000000e6700000)
  from space 9216K, 8% used [0x00000000e6700000,0x00000000e67c0000,0x00000000e7000000)
  to   space 9728K, 0% used [0x00000000f0480000,0x00000000f0480000,0x00000000f0e00000)
 ParOldGen       total 52224K, used 15375K [0x0000000084e00000, 0x0000000088100000, 0x00000000d6f80000)
  object space 52224K, 29% used [0x0000000084e00000,0x0000000085d03ea8,0x0000000088100000)
 Metaspace       used 21052K, capacity 22096K, committed 22144K, reserved 1069056K
  class space    used 2969K, capacity 3173K, committed 3200K, reserved 1048576K
}
Event: 73,417 GC heap before
{Heap before GC invocations=11 (full 1):
 PSYoungGen      total 262656K, used 254208K [0x00000000d6f80000, 0x00000000f0e00000, 0x0000000100000000)
  eden space 253440K, 100% used [0x00000000d6f80000,0x00000000e6700000,0x00000000e6700000)
  from space 9216K, 8% used [0x00000000e6700000,0x00000000e67c0000,0x00000000e7000000)
  to   space 9728K, 0% used [0x00000000f0480000,0x00000000f0480000,0x00000000f0e00000)
 ParOldGen       total 52224K, used 15375K [0x0000000084e00000, 0x0000000088100000, 0x00000000d6f80000)
  object space 52224K, 29% used [0x0000000084e00000,0x0000000085d03ea8,0x0000000088100000)
 Metaspace       used 21055K, capacity 22096K, committed 22144K, reserved 1069056K
  class space    used 2970K, capacity 3173K, committed 3200K, reserved 1048576K
Event: 73,420 GC heap after
Heap after GC invocations=11 (full 1):
 PSYoungGen      total 414208K, used 128K [0x00000000d6f80000, 0x00000000f0f00000, 0x0000000100000000)
  eden space 404480K, 0% used [0x00000000d6f80000,0x00000000d6f80000,0x00000000efa80000)
  from space 9728K, 1% used [0x00000000f0480000,0x00000000f04a0000,0x00000000f0e00000)
  to   space 10240K, 0% used [0x00000000efa80000,0x00000000efa80000,0x00000000f0480000)
 ParOldGen       total 52224K, used 16039K [0x0000000084e00000, 0x0000000088100000, 0x00000000d6f80000)
  object space 52224K, 30% used [0x0000000084e00000,0x0000000085da9ea8,0x0000000088100000)
 Metaspace       used 21055K, capacity 22096K, committed 22144K, reserved 1069056K
  class space    used 2970K, capacity 3173K, committed 3200K, reserved 1048576K
}

