# JRE version: Java(TM) SE Runtime Environment (8.0_271-b09) (build 1.8.0_271-b09)
# Java VM: Java HotSpot(TM) 64-Bit Server VM (25.271-b09 mixed mode linux-amd64 compressed oops)
Heap:
 PSYoungGen      total 410624K, used 233555K [0x00000000d6f80000, 0x00000000fee80000, 0x0000000100000000)
  eden space 400384K, 58% used [0x00000000d6f80000,0x00000000e5374fa8,0x00000000ef680000)
  from space 10240K, 1% used [0x00000000ef680000,0x00000000ef6a0000,0x00000000f0080000)
  to   space 10240K, 0% used [0x00000000fe480000,0x00000000fe480000,0x00000000fee80000)
 ParOldGen       total 52736K, used 16108K [0x0000000084e00000, 0x0000000088180000, 0x00000000d6f80000)
  object space 52736K, 30% used [0x0000000084e00000,0x0000000085dbb128,0x0000000088180000)
 Metaspace       used 22427K, capacity 23729K, committed 23936K, reserved 1069056K
  class space    used 3136K, capacity 3416K, committed 3456K, reserved 1048576K
GC Heap History (10 events):
Event: 8,407 GC heap before
{Heap before GC invocations=8 (full 0):
 PSYoungGen      total 134656K, used 28093K [0x00000000d6f80000, 0x00000000e7880000, 0x0000000100000000)
  eden space 126976K, 22% used [0x00000000d6f80000,0x00000000d8ad7448,0x00000000deb80000)
  from space 7680K, 1% used [0x00000000deb80000,0x00000000deb98000,0x00000000df300000)
  to   space 8704K, 0% used [0x00000000e7000000,0x00000000e7000000,0x00000000e7880000)
 ParOldGen       total 84992K, used 8141K [0x0000000084e00000, 0x000000008a100000, 0x00000000d6f80000)
  object space 84992K, 9% used [0x0000000084e00000,0x00000000855f3650,0x000000008a100000)
 Metaspace       used 20239K, capacity 21259K, committed 21296K, reserved 1067008K
  class space    used 2921K, capacity 3163K, committed 3200K, reserved 1048576K
Event: 8,412 GC heap after
Heap after GC invocations=8 (full 0):
 PSYoungGen      total 261632K, used 7771K [0x00000000d6f80000, 0x00000000e7a80000, 0x0000000100000000)
  eden space 252928K, 0% used [0x00000000d6f80000,0x00000000d6f80000,0x00000000e6680000)
  from space 8704K, 89% used [0x00000000e7000000,0x00000000e7796dd0,0x00000000e7880000)
  to   space 9728K, 0% used [0x00000000e6680000,0x00000000e6680000,0x00000000e7000000)
 ParOldGen       total 84992K, used 8165K [0x0000000084e00000, 0x000000008a100000, 0x00000000d6f80000)
  object space 84992K, 9% used [0x0000000084e00000,0x00000000855f9650,0x000000008a100000)
 Metaspace       used 20239K, capacity 21259K, committed 21296K, reserved 1067008K
  class space    used 2921K, capacity 3163K, committed 3200K, reserved 1048576K
}
Event: 8,412 GC heap before
{Heap before GC invocations=9 (full 1):
 PSYoungGen      total 261632K, used 7771K [0x00000000d6f80000, 0x00000000e7a80000, 0x0000000100000000)
  eden space 252928K, 0% used [0x00000000d6f80000,0x00000000d6f80000,0x00000000e6680000)
  from space 8704K, 89% used [0x00000000e7000000,0x00000000e7796dd0,0x00000000e7880000)
  to   space 9728K, 0% used [0x00000000e6680000,0x00000000e6680000,0x00000000e7000000)
 ParOldGen       total 84992K, used 8165K [0x0000000084e00000, 0x000000008a100000, 0x00000000d6f80000)
  object space 84992K, 9% used [0x0000000084e00000,0x00000000855f9650,0x000000008a100000)
 Metaspace       used 20239K, capacity 21259K, committed 21296K, reserved 1067008K
  class space    used 2921K, capacity 3163K, committed 3200K, reserved 1048576K
Event: 8,482 GC heap after
Heap after GC invocations=9 (full 1):
 PSYoungGen      total 261632K, used 0K [0x00000000d6f80000, 0x00000000e7a80000, 0x0000000100000000)
  eden space 252928K, 0% used [0x00000000d6f80000,0x00000000d6f80000,0x00000000e6680000)
  from space 8704K, 0% used [0x00000000e7000000,0x00000000e7000000,0x00000000e7880000)
  to   space 9728K, 0% used [0x00000000e6680000,0x00000000e6680000,0x00000000e7000000)
 ParOldGen       total 52736K, used 15556K [0x0000000084e00000, 0x0000000088180000, 0x00000000d6f80000)
  object space 52736K, 29% used [0x0000000084e00000,0x0000000085d31128,0x0000000088180000)
 Metaspace       used 20239K, capacity 21259K, committed 21296K, reserved 1067008K
  class space    used 2921K, capacity 3163K, committed 3200K, reserved 1048576K
}
Event: 8,625 GC heap before
{Heap before GC invocations=10 (full 1):
 PSYoungGen      total 261632K, used 252928K [0x00000000d6f80000, 0x00000000e7a80000, 0x0000000100000000)
  eden space 252928K, 100% used [0x00000000d6f80000,0x00000000e6680000,0x00000000e6680000)
  from space 8704K, 0% used [0x00000000e7000000,0x00000000e7000000,0x00000000e7880000)
  to   space 9728K, 0% used [0x00000000e6680000,0x00000000e6680000,0x00000000e7000000)
 ParOldGen       total 52736K, used 15556K [0x0000000084e00000, 0x0000000088180000, 0x00000000d6f80000)
  object space 52736K, 29% used [0x0000000084e00000,0x0000000085d31128,0x0000000088180000)
 Metaspace       used 20465K, capacity 21545K, committed 21680K, reserved 1067008K
  class space    used 2973K, capacity 3216K, committed 3328K, reserved 1048576K
Event: 8,627 GC heap after
Heap after GC invocations=10 (full 1):
 PSYoungGen      total 262656K, used 608K [0x00000000d6f80000, 0x00000000f0a00000, 0x0000000100000000)
  eden space 252928K, 0% used [0x00000000d6f80000,0x00000000d6f80000,0x00000000e6680000)
  from space 9728K, 6% used [0x00000000e6680000,0x00000000e6718000,0x00000000e7000000)
  to   space 9728K, 0% used [0x00000000f0080000,0x00000000f0080000,0x00000000f0a00000)
 ParOldGen       total 52736K, used 15564K [0x0000000084e00000, 0x0000000088180000, 0x00000000d6f80000)
  object space 52736K, 29% used [0x0000000084e00000,0x0000000085d33128,0x0000000088180000)
 Metaspace       used 20465K, capacity 21545K, committed 21680K, reserved 1067008K
  class space    used 2973K, capacity 3216K, committed 3328K, reserved 1048576K
}
Event: 8,639 GC heap before
{Heap before GC invocations=11 (full 1):
 PSYoungGen      total 262656K, used 253536K [0x00000000d6f80000, 0x00000000f0a00000, 0x0000000100000000)
  eden space 252928K, 100% used [0x00000000d6f80000,0x00000000e6680000,0x00000000e6680000)
  from space 9728K, 6% used [0x00000000e6680000,0x00000000e6718000,0x00000000e7000000)
  to   space 9728K, 0% used [0x00000000f0080000,0x00000000f0080000,0x00000000f0a00000)
 ParOldGen       total 52736K, used 15564K [0x0000000084e00000, 0x0000000088180000, 0x00000000d6f80000)
  object space 52736K, 29% used [0x0000000084e00000,0x0000000085d33128,0x0000000088180000)
 Metaspace       used 20581K, capacity 21641K, committed 21760K, reserved 1067008K
  class space    used 2987K, capacity 3248K, committed 3328K, reserved 1048576K
Event: 8,643 GC heap after
Heap after GC invocations=11 (full 1):
 PSYoungGen      total 410112K, used 576K [0x00000000d6f80000, 0x00000000f0b00000, 0x0000000100000000)
  eden space 400384K, 0% used [0x00000000d6f80000,0x00000000d6f80000,0x00000000ef680000)
  from space 9728K, 5% used [0x00000000f0080000,0x00000000f0110000,0x00000000f0a00000)
  to   space 10240K, 0% used [0x00000000ef680000,0x00000000ef680000,0x00000000f0080000)
 ParOldGen       total 52736K, used 15572K [0x0000000084e00000, 0x0000000088180000, 0x00000000d6f80000)
  object space 52736K, 29% used [0x0000000084e00000,0x0000000085d35128,0x0000000088180000)
 Metaspace       used 20581K, capacity 21641K, committed 21760K, reserved 1067008K
  class space    used 2987K, capacity 3248K, committed 3328K, reserved 1048576K
}
Event: 8,656 GC heap before
{Heap before GC invocations=12 (full 1):
 PSYoungGen      total 410112K, used 400960K [0x00000000d6f80000, 0x00000000f0b00000, 0x0000000100000000)
  eden space 400384K, 100% used [0x00000000d6f80000,0x00000000ef680000,0x00000000ef680000)
  from space 9728K, 5% used [0x00000000f0080000,0x00000000f0110000,0x00000000f0a00000)
  to   space 10240K, 0% used [0x00000000ef680000,0x00000000ef680000,0x00000000f0080000)
 ParOldGen       total 52736K, used 15572K [0x0000000084e00000, 0x0000000088180000, 0x00000000d6f80000)
  object space 52736K, 29% used [0x0000000084e00000,0x0000000085d35128,0x0000000088180000)
 Metaspace       used 20593K, capacity 21705K, committed 22016K, reserved 1069056K
  class space    used 2987K, capacity 3248K, committed 3328K, reserved 1048576K
Event: 8,660 GC heap after
Heap after GC invocations=12 (full 1):
 PSYoungGen      total 410624K, used 128K [0x00000000d6f80000, 0x00000000fee80000, 0x0000000100000000)
  eden space 400384K, 0% used [0x00000000d6f80000,0x00000000d6f80000,0x00000000ef680000)
  from space 10240K, 1% used [0x00000000ef680000,0x00000000ef6a0000,0x00000000f0080000)
  to   space 10240K, 0% used [0x00000000fe480000,0x00000000fe480000,0x00000000fee80000)
 ParOldGen       total 52736K, used 16108K [0x0000000084e00000, 0x0000000088180000, 0x00000000d6f80000)
  object space 52736K, 30% used [0x0000000084e00000,0x0000000085dbb128,0x0000000088180000)
 Metaspace       used 20593K, capacity 21705K, committed 22016K, reserved 1069056K
  class space    used 2987K, capacity 3248K, committed 3328K, reserved 1048576K
}

